#
# There is insufficient memory for the Java Runtime Environment to continue.
# Native memory allocation (malloc) failed to allocate 32784 bytes. Error detail: Chunk::new
# Possible reasons:
#   The system is out of physical RAM or swap space
#   This process is running with CompressedOops enabled, and the Java Heap may be blocking the growth of the native heap
# Possible solutions:
#   Reduce memory load on the system
#   Increase physical memory or swap space
#   Check if swap backing store is full
#   Decrease Java heap size (-Xmx/-Xms)
#   Decrease number of Java threads
#   Decrease Java thread stack sizes (-Xss)
#   Set larger code cache with -XX:ReservedCodeCacheSize=
#   JVM is running with Unscaled Compressed Oops mode in which the Java heap is
#     placed in the first 4GB address space. The Java Heap base address is the
#     maximum limit for the native heap growth. Please use -XX:HeapBaseMinAddress
#     to set the Java Heap base and to place the Java Heap above 4GB virtual address.
# This output file may be truncated or incomplete.
#
#  Out of Memory Error (arena.cpp:168), pid=20540, tid=41792
#
# JRE version: OpenJDK Runtime Environment (21.0.3) (build 21.0.3+-12282718-b509.11)
# Java VM: OpenJDK 64-Bit Server VM (21.0.3+-12282718-b509.11, mixed mode, tiered, compressed oops, compressed class ptrs, g1 gc, windows-amd64)
# No core dump will be written. Minidumps are not enabled by default on client versions of Windows
#

---------------  S U M M A R Y ------------

Command Line: --add-opens=java.base/java.util=ALL-UNNAMED --add-opens=java.base/java.lang=ALL-UNNAMED --add-opens=java.base/java.lang.invoke=ALL-UNNAMED --add-opens=java.prefs/java.util.prefs=ALL-UNNAMED --add-exports=jdk.compiler/com.sun.tools.javac.api=ALL-UNNAMED --add-exports=jdk.compiler/com.sun.tools.javac.util=ALL-UNNAMED --add-opens=java.base/java.nio.charset=ALL-UNNAMED --add-opens=java.base/java.net=ALL-UNNAMED --add-opens=java.base/java.util.concurrent.atomic=ALL-UNNAMED -Xmx2048m -Dfile.encoding=UTF-8 -Duser.country=KR -Duser.language=ko -Duser.variant -javaagent:C:\Users\APRO\.gradle\wrapper\dists\gradle-8.9-bin\90cnw93cvbtalezasaz0blq0a\gradle-8.9\lib\agents\gradle-instrumentation-agent-8.9.jar org.gradle.launcher.daemon.bootstrap.GradleDaemon 8.9

Host: Intel(R) Core(TM) i5-8500 CPU @ 3.00GHz, 6 cores, 11G,  Windows 10 , 64 bit Build 19041 (10.0.19041.5198)
Time: Mon Feb 17 11:51:36 2025  Windows 10 , 64 bit Build 19041 (10.0.19041.5198) elapsed time: 6.223848 seconds (0d 0h 0m 6s)

---------------  T H R E A D  ---------------

Current thread (0x000002d14a885940):  JavaThread "C2 CompilerThread0" daemon [_thread_in_native, id=41792, stack(0x000000de69800000,0x000000de69900000) (1024K)]


Current CompileTask:
C2:   6223 5967   !   4       java.net.URLClassLoader::findClass (47 bytes)

Stack: [0x000000de69800000,0x000000de69900000]
Native frames: (J=compiled Java code, j=interpreted, Vv=VM code, C=native code)
V  [jvm.dll+0x6cafb9]
V  [jvm.dll+0x858523]
V  [jvm.dll+0x85aa7e]
V  [jvm.dll+0x85b163]
V  [jvm.dll+0x27d356]
V  [jvm.dll+0xbf93d]
V  [jvm.dll+0xbfe73]
V  [jvm.dll+0xbfa65]
V  [jvm.dll+0x7215fc]
V  [jvm.dll+0x60010f]
V  [jvm.dll+0x74af0a]
V  [jvm.dll+0x74a034]
V  [jvm.dll+0x60bfc5]
V  [jvm.dll+0x60bd4b]
V  [jvm.dll+0x5f6148]
V  [jvm.dll+0x24fad2]
V  [jvm.dll+0x24840d]
V  [jvm.dll+0x245fce]
V  [jvm.dll+0x1c5804]
V  [jvm.dll+0x25575c]
V  [jvm.dll+0x253c36]
V  [jvm.dll+0x3ec996]
V  [jvm.dll+0x800d78]
V  [jvm.dll+0x6c98cd]
C  [ucrtbase.dll+0x21bb2]
C  [KERNEL32.DLL+0x17374]
C  [ntdll.dll+0x4cc91]


---------------  P R O C E S S  ---------------

Threads class SMR info:
_java_thread_list=0x000002d1543f4400, length=52, elements={
0x000002d131415980, 0x000002d14a89db80, 0x000002d14a89e2f0, 0x000002d14a8ca8c0,
0x000002d14a8caf30, 0x000002d14a8cb5a0, 0x000002d14a89f100, 0x000002d14a885940,
0x000002d14a8cc950, 0x000002d14a9f51f0, 0x000002d14f060120, 0x000002d15094ad50,
0x000002d15088d410, 0x000002d150b99ab0, 0x000002d150acbee0, 0x000002d150acc550,
0x000002d150aa2a40, 0x000002d1509acf60, 0x000002d150a99440, 0x000002d150a98db0,
0x000002d150a96ce0, 0x000002d150a9a160, 0x000002d150a99ad0, 0x000002d150a97370,
0x000002d150a98090, 0x000002d150a98720, 0x000002d151bf2e50, 0x000002d151bf4890,
0x000002d151bf4f20, 0x000002d151bf2130, 0x000002d151bf55b0, 0x000002d151bf6ff0,
0x000002d151bf0d80, 0x000002d151bf5c40, 0x000002d151bf62d0, 0x000002d151bf6960,
0x000002d151bf06f0, 0x000002d151bf0060, 0x000002d151bf1410, 0x000002d151bf1aa0,
0x000002d151bf27c0, 0x000002d1542bb660, 0x000002d1542b9c20, 0x000002d1542bbcf0,
0x000002d1542b8f00, 0x000002d1542bc380, 0x000002d1542bf800, 0x000002d1542bca10,
0x000002d1542b9590, 0x000002d1542c0520, 0x000002d1542bd0a0, 0x000002d1542ba2b0
}

Java Threads: ( => current thread )
  0x000002d131415980 JavaThread "main"                              [_thread_blocked, id=40476, stack(0x000000de68a00000,0x000000de68b00000) (1024K)]
  0x000002d14a89db80 JavaThread "Reference Handler"          daemon [_thread_blocked, id=5180, stack(0x000000de69200000,0x000000de69300000) (1024K)]
  0x000002d14a89e2f0 JavaThread "Finalizer"                  daemon [_thread_blocked, id=32972, stack(0x000000de69300000,0x000000de69400000) (1024K)]
  0x000002d14a8ca8c0 JavaThread "Signal Dispatcher"          daemon [_thread_blocked, id=40608, stack(0x000000de69400000,0x000000de69500000) (1024K)]
  0x000002d14a8caf30 JavaThread "Attach Listener"            daemon [_thread_blocked, id=31980, stack(0x000000de69500000,0x000000de69600000) (1024K)]
  0x000002d14a8cb5a0 JavaThread "Service Thread"             daemon [_thread_blocked, id=10528, stack(0x000000de69600000,0x000000de69700000) (1024K)]
  0x000002d14a89f100 JavaThread "Monitor Deflation Thread"   daemon [_thread_blocked, id=41412, stack(0x000000de69700000,0x000000de69800000) (1024K)]
=>0x000002d14a885940 JavaThread "C2 CompilerThread0"         daemon [_thread_in_native, id=41792, stack(0x000000de69800000,0x000000de69900000) (1024K)]
  0x000002d14a8cc950 JavaThread "C1 CompilerThread0"         daemon [_thread_blocked, id=38960, stack(0x000000de69900000,0x000000de69a00000) (1024K)]
  0x000002d14a9f51f0 JavaThread "Common-Cleaner"             daemon [_thread_blocked, id=38520, stack(0x000000de69a00000,0x000000de69b00000) (1024K)]
  0x000002d14f060120 JavaThread "Notification Thread"        daemon [_thread_blocked, id=36488, stack(0x000000de69b00000,0x000000de69c00000) (1024K)]
  0x000002d15094ad50 JavaThread "Daemon health stats"               [_thread_blocked, id=3320, stack(0x000000de6a200000,0x000000de6a300000) (1024K)]
  0x000002d15088d410 JavaThread "Incoming local TCP Connector on port 58915"        [_thread_in_native, id=39852, stack(0x000000de6a300000,0x000000de6a400000) (1024K)]
  0x000002d150b99ab0 JavaThread "Daemon periodic checks"            [_thread_blocked, id=40424, stack(0x000000de6a400000,0x000000de6a500000) (1024K)]
  0x000002d150acbee0 JavaThread "Daemon"                            [_thread_blocked, id=35316, stack(0x000000de6a500000,0x000000de6a600000) (1024K)]
  0x000002d150acc550 JavaThread "Handler for socket connection from /127.0.0.1:58915 to /127.0.0.1:58916"        [_thread_in_native, id=41400, stack(0x000000de6a600000,0x000000de6a700000) (1024K)]
  0x000002d150aa2a40 JavaThread "Cancel handler"                    [_thread_blocked, id=40344, stack(0x000000de6a700000,0x000000de6a800000) (1024K)]
  0x000002d1509acf60 JavaThread "Daemon worker"                     [_thread_in_native, id=34520, stack(0x000000de6a800000,0x000000de6a900000) (1024K)]
  0x000002d150a99440 JavaThread "Asynchronous log dispatcher for DefaultDaemonConnection: socket connection from /127.0.0.1:58915 to /127.0.0.1:58916"        [_thread_blocked, id=36604, stack(0x000000de6a900000,0x000000de6aa00000) (1024K)]
  0x000002d150a98db0 JavaThread "Stdin handler"                     [_thread_blocked, id=39340, stack(0x000000de6aa00000,0x000000de6ab00000) (1024K)]
  0x000002d150a96ce0 JavaThread "Daemon client event forwarder"        [_thread_blocked, id=39112, stack(0x000000de6ab00000,0x000000de6ac00000) (1024K)]
  0x000002d150a9a160 JavaThread "Cache worker for journal cache (C:\Users\APRO\.gradle\caches\journal-1)"        [_thread_blocked, id=36316, stack(0x000000de6ad00000,0x000000de6ae00000) (1024K)]
  0x000002d150a99ad0 JavaThread "File lock request listener"        [_thread_in_native, id=27828, stack(0x000000de6ae00000,0x000000de6af00000) (1024K)]
  0x000002d150a97370 JavaThread "Cache worker for file hash cache (C:\Users\APRO\.gradle\caches\8.9\fileHashes)"        [_thread_blocked, id=40620, stack(0x000000de6af00000,0x000000de6b000000) (1024K)]
  0x000002d150a98090 JavaThread "Cache worker for file hash cache (C:\Users\APRO\Documents\android studio\GymBuddy_back\.gradle\8.9\fileHashes)"        [_thread_blocked, id=36132, stack(0x000000de6b000000,0x000000de6b100000) (1024K)]
  0x000002d150a98720 JavaThread "Cache worker for Build Output Cleanup Cache (C:\Users\APRO\Documents\android studio\GymBuddy_back\.gradle\buildOutputCleanup)"        [_thread_blocked, id=37012, stack(0x000000de6b100000,0x000000de6b200000) (1024K)]
  0x000002d151bf2e50 JavaThread "File watcher server"        daemon [_thread_in_native, id=8884, stack(0x000000de6b200000,0x000000de6b300000) (1024K)]
  0x000002d151bf4890 JavaThread "File watcher consumer"      daemon [_thread_blocked, id=27760, stack(0x000000de6b300000,0x000000de6b400000) (1024K)]
  0x000002d151bf4f20 JavaThread "jar transforms"                    [_thread_blocked, id=28808, stack(0x000000de6b400000,0x000000de6b500000) (1024K)]
  0x000002d151bf2130 JavaThread "jar transforms Thread 2"           [_thread_blocked, id=3312, stack(0x000000de6b500000,0x000000de6b600000) (1024K)]
  0x000002d151bf55b0 JavaThread "jar transforms Thread 3"           [_thread_blocked, id=40724, stack(0x000000de6b600000,0x000000de6b700000) (1024K)]
  0x000002d151bf6ff0 JavaThread "jar transforms Thread 4"           [_thread_blocked, id=40348, stack(0x000000de6b700000,0x000000de6b800000) (1024K)]
  0x000002d151bf0d80 JavaThread "jar transforms Thread 5"           [_thread_blocked, id=19972, stack(0x000000de6b800000,0x000000de6b900000) (1024K)]
  0x000002d151bf5c40 JavaThread "jar transforms Thread 6"           [_thread_blocked, id=8044, stack(0x000000de6b900000,0x000000de6ba00000) (1024K)]
  0x000002d151bf62d0 JavaThread "Cache worker for checksums cache (C:\Users\APRO\Documents\android studio\GymBuddy_back\.gradle\8.9\checksums)"        [_thread_blocked, id=32224, stack(0x000000de6ba00000,0x000000de6bb00000) (1024K)]
  0x000002d151bf6960 JavaThread "Cache worker for file content cache (C:\Users\APRO\.gradle\caches\8.9\fileContent)"        [_thread_blocked, id=35208, stack(0x000000de6bb00000,0x000000de6bc00000) (1024K)]
  0x000002d151bf06f0 JavaThread "Cache worker for cache directory md-rule (C:\Users\APRO\.gradle\caches\8.9\md-rule)"        [_thread_blocked, id=38744, stack(0x000000de6bc00000,0x000000de6bd00000) (1024K)]
  0x000002d151bf0060 JavaThread "Cache worker for cache directory md-supplier (C:\Users\APRO\.gradle\caches\8.9\md-supplier)"        [_thread_blocked, id=15356, stack(0x000000de6bd00000,0x000000de6be00000) (1024K)]
  0x000002d151bf1410 JavaThread "Unconstrained build operations"        [_thread_blocked, id=38248, stack(0x000000de6be00000,0x000000de6bf00000) (1024K)]
  0x000002d151bf1aa0 JavaThread "Unconstrained build operations Thread 2"        [_thread_blocked, id=33032, stack(0x000000de6bf00000,0x000000de6c000000) (1024K)]
  0x000002d151bf27c0 JavaThread "Unconstrained build operations Thread 3"        [_thread_blocked, id=34988, stack(0x000000de6c000000,0x000000de6c100000) (1024K)]
  0x000002d1542bb660 JavaThread "Unconstrained build operations Thread 4"        [_thread_blocked, id=40332, stack(0x000000de6c100000,0x000000de6c200000) (1024K)]
  0x000002d1542b9c20 JavaThread "Unconstrained build operations Thread 5"        [_thread_blocked, id=15548, stack(0x000000de6c200000,0x000000de6c300000) (1024K)]
  0x000002d1542bbcf0 JavaThread "Unconstrained build operations Thread 6"        [_thread_blocked, id=35012, stack(0x000000de6c300000,0x000000de6c400000) (1024K)]
  0x000002d1542b8f00 JavaThread "Unconstrained build operations Thread 7"        [_thread_blocked, id=22932, stack(0x000000de6c400000,0x000000de6c500000) (1024K)]
  0x000002d1542bc380 JavaThread "Unconstrained build operations Thread 8"        [_thread_blocked, id=14876, stack(0x000000de6c500000,0x000000de6c600000) (1024K)]
  0x000002d1542bf800 JavaThread "Unconstrained build operations Thread 9"        [_thread_blocked, id=25172, stack(0x000000de6c600000,0x000000de6c700000) (1024K)]
  0x000002d1542bca10 JavaThread "Unconstrained build operations Thread 10"        [_thread_blocked, id=41300, stack(0x000000de6c700000,0x000000de6c800000) (1024K)]
  0x000002d1542b9590 JavaThread "Unconstrained build operations Thread 11"        [_thread_blocked, id=41524, stack(0x000000de6c800000,0x000000de6c900000) (1024K)]
  0x000002d1542c0520 JavaThread "Unconstrained build operations Thread 12"        [_thread_blocked, id=37576, stack(0x000000de6c900000,0x000000de6ca00000) (1024K)]
  0x000002d1542bd0a0 JavaThread "Unconstrained build operations Thread 13"        [_thread_blocked, id=23816, stack(0x000000de6ca00000,0x000000de6cb00000) (1024K)]
  0x000002d1542ba2b0 JavaThread "Unconstrained build operations Thread 14"        [_thread_blocked, id=38204, stack(0x000000de6cb00000,0x000000de6cc00000) (1024K)]
Total: 52

Other Threads:
  0x000002d14a80c640 VMThread "VM Thread"                           [id=28408, stack(0x000000de69100000,0x000000de69200000) (1024K)]
  0x000002d14a643900 WatcherThread "VM Periodic Task Thread"        [id=11152, stack(0x000000de69000000,0x000000de69100000) (1024K)]
  0x000002d13146ccc0 WorkerThread "GC Thread#0"                     [id=40412, stack(0x000000de68b00000,0x000000de68c00000) (1024K)]
  0x000002d14f45e9e0 WorkerThread "GC Thread#1"                     [id=26428, stack(0x000000de69d00000,0x000000de69e00000) (1024K)]
  0x000002d14f02e380 WorkerThread "GC Thread#2"                     [id=41384, stack(0x000000de69e00000,0x000000de69f00000) (1024K)]
  0x000002d14f1099d0 WorkerThread "GC Thread#3"                     [id=16800, stack(0x000000de69f00000,0x000000de6a000000) (1024K)]
  0x000002d14fdad010 WorkerThread "GC Thread#4"                     [id=41196, stack(0x000000de6a000000,0x000000de6a100000) (1024K)]
  0x000002d1508cc190 WorkerThread "GC Thread#5"                     [id=31172, stack(0x000000de6a100000,0x000000de6a200000) (1024K)]
  0x000002d13147dbb0 ConcurrentGCThread "G1 Main Marker"            [id=35188, stack(0x000000de68c00000,0x000000de68d00000) (1024K)]
  0x000002d13147e730 WorkerThread "G1 Conc#0"                       [id=32004, stack(0x000000de68d00000,0x000000de68e00000) (1024K)]
  0x000002d150a15180 WorkerThread "G1 Conc#1"                       [id=31544, stack(0x000000de6ac00000,0x000000de6ad00000) (1024K)]
  0x000002d1314de610 ConcurrentGCThread "G1 Refine#0"               [id=40380, stack(0x000000de68e00000,0x000000de68f00000) (1024K)]
  0x000002d14a51c1d0 ConcurrentGCThread "G1 Service"                [id=3088, stack(0x000000de68f00000,0x000000de69000000) (1024K)]
Total: 13

Threads with active compile tasks:
C2 CompilerThread0     6259 5967   !   4       java.net.URLClassLoader::findClass (47 bytes)
Total: 1

VM state: not at safepoint (normal execution)

VM Mutex/Monitor currently owned by a thread:  ([mutex/lock_event])
[0x00007fff4324fec8] Metaspace_lock - owner thread: 0x000002d1509acf60

Heap address: 0x0000000080000000, size: 2048 MB, Compressed Oops mode: 32-bit

CDS archive(s) not mapped
Compressed class space mapped at: 0x0000000100000000-0x0000000140000000, reserved size: 1073741824
Narrow klass base: 0x0000000000000000, Narrow klass shift: 3, Narrow klass range: 0x140000000

GC Precious Log:
 CardTable entry size: 512
 Card Set container configuration: InlinePtr #cards 5 size 8 Array Of Cards #cards 12 size 40 Howl #buckets 4 coarsen threshold 1843 Howl Bitmap #cards 512 size 80 coarsen threshold 460 Card regions per heap region 1 cards per card region 2048
 CPUs: 6 total, 6 available
 Memory: 12230M
 Large Page Support: Disabled
 NUMA Support: Disabled
 Compressed Oops: Enabled (32-bit)
 Heap Region Size: 1M
 Heap Min Capacity: 8M
 Heap Initial Capacity: 192M
 Heap Max Capacity: 2G
 Pre-touch: Disabled
 Parallel Workers: 6
 Concurrent Workers: 2
 Concurrent Refinement Workers: 6
 Periodic GC: Disabled

Heap:
 garbage-first heap   total 153600K, used 97303K [0x0000000080000000, 0x0000000100000000)
  region size 1024K, 25 young (25600K), 3 survivors (3072K)
 Metaspace       used 60850K, committed 62336K, reserved 1114112K
  class space    used 8354K, committed 9088K, reserved 1048576K

Heap Regions: E=young(eden), S=young(survivor), O=old, HS=humongous(starts), HC=humongous(continues), CS=collection set, F=free, TAMS=top-at-mark-start, PB=parsable bottom
|   0|0x0000000080000000, 0x0000000080100000, 0x0000000080100000|100%| O|  |TAMS 0x0000000080000000| PB 0x0000000080000000| Untracked 
|   1|0x0000000080100000, 0x0000000080200000, 0x0000000080200000|100%| O|  |TAMS 0x0000000080100000| PB 0x0000000080100000| Untracked 
|   2|0x0000000080200000, 0x0000000080300000, 0x0000000080300000|100%|HS|  |TAMS 0x0000000080200000| PB 0x0000000080200000| Complete 
|   3|0x0000000080300000, 0x0000000080400000, 0x0000000080400000|100%|HC|  |TAMS 0x0000000080300000| PB 0x0000000080300000| Complete 
|   4|0x0000000080400000, 0x0000000080500000, 0x0000000080500000|100%|HC|  |TAMS 0x0000000080400000| PB 0x0000000080400000| Complete 
|   5|0x0000000080500000, 0x0000000080600000, 0x0000000080600000|100%|HC|  |TAMS 0x0000000080500000| PB 0x0000000080500000| Complete 
|   6|0x0000000080600000, 0x0000000080700000, 0x0000000080700000|100%| O|  |TAMS 0x0000000080600000| PB 0x0000000080600000| Untracked 
|   7|0x0000000080700000, 0x0000000080800000, 0x0000000080800000|100%| O|  |TAMS 0x0000000080700000| PB 0x0000000080700000| Untracked 
|   8|0x0000000080800000, 0x0000000080900000, 0x0000000080900000|100%| O|  |TAMS 0x0000000080800000| PB 0x0000000080800000| Untracked 
|   9|0x0000000080900000, 0x0000000080a00000, 0x0000000080a00000|100%|HS|  |TAMS 0x0000000080900000| PB 0x0000000080900000| Complete 
|  10|0x0000000080a00000, 0x0000000080b00000, 0x0000000080b00000|100%|HS|  |TAMS 0x0000000080a00000| PB 0x0000000080a00000| Complete 
|  11|0x0000000080b00000, 0x0000000080c00000, 0x0000000080c00000|100%| O|  |TAMS 0x0000000080b00000| PB 0x0000000080b00000| Untracked 
|  12|0x0000000080c00000, 0x0000000080d00000, 0x0000000080d00000|100%|HS|  |TAMS 0x0000000080c00000| PB 0x0000000080c00000| Complete 
|  13|0x0000000080d00000, 0x0000000080e00000, 0x0000000080e00000|100%|HC|  |TAMS 0x0000000080d00000| PB 0x0000000080d00000| Complete 
|  14|0x0000000080e00000, 0x0000000080f00000, 0x0000000080f00000|100%|HC|  |TAMS 0x0000000080e00000| PB 0x0000000080e00000| Complete 
|  15|0x0000000080f00000, 0x0000000081000000, 0x0000000081000000|100%|HC|  |TAMS 0x0000000080f00000| PB 0x0000000080f00000| Complete 
|  16|0x0000000081000000, 0x0000000081100000, 0x0000000081100000|100%|HC|  |TAMS 0x0000000081000000| PB 0x0000000081000000| Complete 
|  17|0x0000000081100000, 0x0000000081200000, 0x0000000081200000|100%|HC|  |TAMS 0x0000000081100000| PB 0x0000000081100000| Complete 
|  18|0x0000000081200000, 0x0000000081300000, 0x0000000081300000|100%|HS|  |TAMS 0x0000000081200000| PB 0x0000000081200000| Complete 
|  19|0x0000000081300000, 0x0000000081400000, 0x0000000081400000|100%|HC|  |TAMS 0x0000000081300000| PB 0x0000000081300000| Complete 
|  20|0x0000000081400000, 0x0000000081500000, 0x0000000081500000|100%|HC|  |TAMS 0x0000000081400000| PB 0x0000000081400000| Complete 
|  21|0x0000000081500000, 0x0000000081600000, 0x0000000081600000|100%|HS|  |TAMS 0x0000000081500000| PB 0x0000000081500000| Complete 
|  22|0x0000000081600000, 0x0000000081700000, 0x0000000081700000|100%|HC|  |TAMS 0x0000000081600000| PB 0x0000000081600000| Complete 
|  23|0x0000000081700000, 0x0000000081800000, 0x0000000081800000|100%| O|  |TAMS 0x0000000081700000| PB 0x0000000081700000| Untracked 
|  24|0x0000000081800000, 0x0000000081900000, 0x0000000081900000|100%| O|  |TAMS 0x0000000081800000| PB 0x0000000081800000| Untracked 
|  25|0x0000000081900000, 0x0000000081a00000, 0x0000000081a00000|100%| O|  |TAMS 0x0000000081900000| PB 0x0000000081900000| Untracked 
|  26|0x0000000081a00000, 0x0000000081b00000, 0x0000000081b00000|100%| O|  |TAMS 0x0000000081a00000| PB 0x0000000081a00000| Untracked 
|  27|0x0000000081b00000, 0x0000000081c00000, 0x0000000081c00000|100%| O|  |TAMS 0x0000000081b00000| PB 0x0000000081b00000| Untracked 
|  28|0x0000000081c00000, 0x0000000081d00000, 0x0000000081d00000|100%| O|  |TAMS 0x0000000081c00000| PB 0x0000000081c00000| Untracked 
|  29|0x0000000081d00000, 0x0000000081e00000, 0x0000000081e00000|100%| O|  |TAMS 0x0000000081d00000| PB 0x0000000081d00000| Untracked 
|  30|0x0000000081e00000, 0x0000000081f00000, 0x0000000081f00000|100%| O|  |TAMS 0x0000000081e00000| PB 0x0000000081e00000| Untracked 
|  31|0x0000000081f00000, 0x0000000082000000, 0x0000000082000000|100%| O|  |TAMS 0x0000000081f00000| PB 0x0000000081f00000| Untracked 
|  32|0x0000000082000000, 0x0000000082100000, 0x0000000082100000|100%| O|  |TAMS 0x0000000082000000| PB 0x0000000082000000| Untracked 
|  33|0x0000000082100000, 0x0000000082200000, 0x0000000082200000|100%| O|  |TAMS 0x0000000082100000| PB 0x0000000082100000| Untracked 
|  34|0x0000000082200000, 0x0000000082300000, 0x0000000082300000|100%| O|  |TAMS 0x0000000082200000| PB 0x0000000082200000| Untracked 
|  35|0x0000000082300000, 0x0000000082400000, 0x0000000082400000|100%| O|  |TAMS 0x0000000082300000| PB 0x0000000082300000| Untracked 
|  36|0x0000000082400000, 0x0000000082500000, 0x0000000082500000|100%| O|Cm|TAMS 0x0000000082400000| PB 0x0000000082400000| Complete 
|  37|0x0000000082500000, 0x0000000082600000, 0x0000000082600000|100%| O|  |TAMS 0x0000000082500000| PB 0x0000000082500000| Untracked 
|  38|0x0000000082600000, 0x0000000082700000, 0x0000000082700000|100%| O|  |TAMS 0x0000000082600000| PB 0x0000000082600000| Untracked 
|  39|0x0000000082700000, 0x0000000082800000, 0x0000000082800000|100%|HS|  |TAMS 0x0000000082700000| PB 0x0000000082700000| Complete 
|  40|0x0000000082800000, 0x0000000082900000, 0x0000000082900000|100%|HC|  |TAMS 0x0000000082800000| PB 0x0000000082800000| Complete 
|  41|0x0000000082900000, 0x0000000082900000, 0x0000000082a00000|  0%| F|  |TAMS 0x0000000082900000| PB 0x0000000082900000| Untracked 
|  42|0x0000000082a00000, 0x0000000082b00000, 0x0000000082b00000|100%| O|  |TAMS 0x0000000082a00000| PB 0x0000000082a00000| Untracked 
|  43|0x0000000082b00000, 0x0000000082c00000, 0x0000000082c00000|100%| O|  |TAMS 0x0000000082b00000| PB 0x0000000082b00000| Untracked 
|  44|0x0000000082c00000, 0x0000000082d00000, 0x0000000082d00000|100%| O|  |TAMS 0x0000000082c00000| PB 0x0000000082c00000| Untracked 
|  45|0x0000000082d00000, 0x0000000082e00000, 0x0000000082e00000|100%| O|  |TAMS 0x0000000082d00000| PB 0x0000000082d00000| Untracked 
|  46|0x0000000082e00000, 0x0000000082f00000, 0x0000000082f00000|100%| O|  |TAMS 0x0000000082e00000| PB 0x0000000082e00000| Untracked 
|  47|0x0000000082f00000, 0x0000000082fcf000, 0x0000000083000000| 80%| O|  |TAMS 0x0000000082f00000| PB 0x0000000082f00000| Untracked 
|  48|0x0000000083000000, 0x0000000083100000, 0x0000000083100000|100%|HS|  |TAMS 0x0000000083000000| PB 0x0000000083000000| Complete 
|  49|0x0000000083100000, 0x0000000083200000, 0x0000000083200000|100%|HC|  |TAMS 0x0000000083100000| PB 0x0000000083100000| Complete 
|  50|0x0000000083200000, 0x0000000083300000, 0x0000000083300000|100%|HC|  |TAMS 0x0000000083200000| PB 0x0000000083200000| Complete 
|  51|0x0000000083300000, 0x0000000083400000, 0x0000000083400000|100%|HC|  |TAMS 0x0000000083300000| PB 0x0000000083300000| Complete 
|  52|0x0000000083400000, 0x0000000083500000, 0x0000000083500000|100%|HC|  |TAMS 0x0000000083400000| PB 0x0000000083400000| Complete 
|  53|0x0000000083500000, 0x0000000083600000, 0x0000000083600000|100%|HC|  |TAMS 0x0000000083500000| PB 0x0000000083500000| Complete 
|  54|0x0000000083600000, 0x0000000083700000, 0x0000000083700000|100%|HS|  |TAMS 0x0000000083600000| PB 0x0000000083600000| Complete 
|  55|0x0000000083700000, 0x0000000083800000, 0x0000000083800000|100%|HC|  |TAMS 0x0000000083700000| PB 0x0000000083700000| Complete 
|  56|0x0000000083800000, 0x0000000083900000, 0x0000000083900000|100%|HC|  |TAMS 0x0000000083800000| PB 0x0000000083800000| Complete 
|  57|0x0000000083900000, 0x0000000083a00000, 0x0000000083a00000|100%|HC|  |TAMS 0x0000000083900000| PB 0x0000000083900000| Complete 
|  58|0x0000000083a00000, 0x0000000083b00000, 0x0000000083b00000|100%|HC|  |TAMS 0x0000000083a00000| PB 0x0000000083a00000| Complete 
|  59|0x0000000083b00000, 0x0000000083c00000, 0x0000000083c00000|100%|HC|  |TAMS 0x0000000083b00000| PB 0x0000000083b00000| Complete 
|  60|0x0000000083c00000, 0x0000000083c00000, 0x0000000083d00000|  0%| F|  |TAMS 0x0000000083c00000| PB 0x0000000083c00000| Untracked 
|  61|0x0000000083d00000, 0x0000000083d00000, 0x0000000083e00000|  0%| F|  |TAMS 0x0000000083d00000| PB 0x0000000083d00000| Untracked 
|  62|0x0000000083e00000, 0x0000000083e00000, 0x0000000083f00000|  0%| F|  |TAMS 0x0000000083e00000| PB 0x0000000083e00000| Untracked 
|  63|0x0000000083f00000, 0x0000000083f00000, 0x0000000084000000|  0%| F|  |TAMS 0x0000000083f00000| PB 0x0000000083f00000| Untracked 
|  64|0x0000000084000000, 0x0000000084000000, 0x0000000084100000|  0%| F|  |TAMS 0x0000000084000000| PB 0x0000000084000000| Untracked 
|  65|0x0000000084100000, 0x0000000084100000, 0x0000000084200000|  0%| F|  |TAMS 0x0000000084100000| PB 0x0000000084100000| Untracked 
|  66|0x0000000084200000, 0x0000000084200000, 0x0000000084300000|  0%| F|  |TAMS 0x0000000084200000| PB 0x0000000084200000| Untracked 
|  67|0x0000000084300000, 0x0000000084300000, 0x0000000084400000|  0%| F|  |TAMS 0x0000000084300000| PB 0x0000000084300000| Untracked 
|  68|0x0000000084400000, 0x0000000084400000, 0x0000000084500000|  0%| F|  |TAMS 0x0000000084400000| PB 0x0000000084400000| Untracked 
|  69|0x0000000084500000, 0x0000000084500000, 0x0000000084600000|  0%| F|  |TAMS 0x0000000084500000| PB 0x0000000084500000| Untracked 
|  70|0x0000000084600000, 0x0000000084600000, 0x0000000084700000|  0%| F|  |TAMS 0x0000000084600000| PB 0x0000000084600000| Untracked 
|  71|0x0000000084700000, 0x0000000084700000, 0x0000000084800000|  0%| F|  |TAMS 0x0000000084700000| PB 0x0000000084700000| Untracked 
|  72|0x0000000084800000, 0x0000000084800000, 0x0000000084900000|  0%| F|  |TAMS 0x0000000084800000| PB 0x0000000084800000| Untracked 
|  73|0x0000000084900000, 0x0000000084900000, 0x0000000084a00000|  0%| F|  |TAMS 0x0000000084900000| PB 0x0000000084900000| Untracked 
|  74|0x0000000084a00000, 0x0000000084a00000, 0x0000000084b00000|  0%| F|  |TAMS 0x0000000084a00000| PB 0x0000000084a00000| Untracked 
|  75|0x0000000084b00000, 0x0000000084b00000, 0x0000000084c00000|  0%| F|  |TAMS 0x0000000084b00000| PB 0x0000000084b00000| Untracked 
|  76|0x0000000084c00000, 0x0000000084c00000, 0x0000000084d00000|  0%| F|  |TAMS 0x0000000084c00000| PB 0x0000000084c00000| Untracked 
|  77|0x0000000084d00000, 0x0000000084d00000, 0x0000000084e00000|  0%| F|  |TAMS 0x0000000084d00000| PB 0x0000000084d00000| Untracked 
|  78|0x0000000084e00000, 0x0000000084e00000, 0x0000000084f00000|  0%| F|  |TAMS 0x0000000084e00000| PB 0x0000000084e00000| Untracked 
|  79|0x0000000084f00000, 0x0000000084f00000, 0x0000000085000000|  0%| F|  |TAMS 0x0000000084f00000| PB 0x0000000084f00000| Untracked 
|  80|0x0000000085000000, 0x0000000085000000, 0x0000000085100000|  0%| F|  |TAMS 0x0000000085000000| PB 0x0000000085000000| Untracked 
|  81|0x0000000085100000, 0x0000000085100000, 0x0000000085200000|  0%| F|  |TAMS 0x0000000085100000| PB 0x0000000085100000| Untracked 
|  82|0x0000000085200000, 0x0000000085200000, 0x0000000085300000|  0%| F|  |TAMS 0x0000000085200000| PB 0x0000000085200000| Untracked 
|  83|0x0000000085300000, 0x0000000085300000, 0x0000000085400000|  0%| F|  |TAMS 0x0000000085300000| PB 0x0000000085300000| Untracked 
|  84|0x0000000085400000, 0x0000000085436db8, 0x0000000085500000| 21%| S|CS|TAMS 0x0000000085400000| PB 0x0000000085400000| Complete 
|  85|0x0000000085500000, 0x0000000085600000, 0x0000000085600000|100%| S|CS|TAMS 0x0000000085500000| PB 0x0000000085500000| Complete 
|  86|0x0000000085600000, 0x0000000085700000, 0x0000000085700000|100%| S|CS|TAMS 0x0000000085600000| PB 0x0000000085600000| Complete 
|  87|0x0000000085700000, 0x0000000085700000, 0x0000000085800000|  0%| F|  |TAMS 0x0000000085700000| PB 0x0000000085700000| Untracked 
|  88|0x0000000085800000, 0x0000000085800000, 0x0000000085900000|  0%| F|  |TAMS 0x0000000085800000| PB 0x0000000085800000| Untracked 
|  89|0x0000000085900000, 0x0000000085900000, 0x0000000085a00000|  0%| F|  |TAMS 0x0000000085900000| PB 0x0000000085900000| Untracked 
|  90|0x0000000085a00000, 0x0000000085a00000, 0x0000000085b00000|  0%| F|  |TAMS 0x0000000085a00000| PB 0x0000000085a00000| Untracked 
|  91|0x0000000085b00000, 0x0000000085b00000, 0x0000000085c00000|  0%| F|  |TAMS 0x0000000085b00000| PB 0x0000000085b00000| Untracked 
|  92|0x0000000085c00000, 0x0000000085c00000, 0x0000000085d00000|  0%| F|  |TAMS 0x0000000085c00000| PB 0x0000000085c00000| Untracked 
|  93|0x0000000085d00000, 0x0000000085d00000, 0x0000000085e00000|  0%| F|  |TAMS 0x0000000085d00000| PB 0x0000000085d00000| Untracked 
|  94|0x0000000085e00000, 0x0000000085e00000, 0x0000000085f00000|  0%| F|  |TAMS 0x0000000085e00000| PB 0x0000000085e00000| Untracked 
|  95|0x0000000085f00000, 0x0000000085f00000, 0x0000000086000000|  0%| F|  |TAMS 0x0000000085f00000| PB 0x0000000085f00000| Untracked 
|  96|0x0000000086000000, 0x0000000086000000, 0x0000000086100000|  0%| F|  |TAMS 0x0000000086000000| PB 0x0000000086000000| Untracked 
|  97|0x0000000086100000, 0x0000000086100000, 0x0000000086200000|  0%| F|  |TAMS 0x0000000086100000| PB 0x0000000086100000| Untracked 
|  98|0x0000000086200000, 0x0000000086200000, 0x0000000086300000|  0%| F|  |TAMS 0x0000000086200000| PB 0x0000000086200000| Untracked 
|  99|0x0000000086300000, 0x0000000086300000, 0x0000000086400000|  0%| F|  |TAMS 0x0000000086300000| PB 0x0000000086300000| Untracked 
| 100|0x0000000086400000, 0x0000000086400000, 0x0000000086500000|  0%| F|  |TAMS 0x0000000086400000| PB 0x0000000086400000| Untracked 
| 101|0x0000000086500000, 0x0000000086500000, 0x0000000086600000|  0%| F|  |TAMS 0x0000000086500000| PB 0x0000000086500000| Untracked 
| 102|0x0000000086600000, 0x0000000086600000, 0x0000000086700000|  0%| F|  |TAMS 0x0000000086600000| PB 0x0000000086600000| Untracked 
| 103|0x0000000086700000, 0x0000000086700000, 0x0000000086800000|  0%| F|  |TAMS 0x0000000086700000| PB 0x0000000086700000| Untracked 
| 104|0x0000000086800000, 0x0000000086800000, 0x0000000086900000|  0%| F|  |TAMS 0x0000000086800000| PB 0x0000000086800000| Untracked 
| 105|0x0000000086900000, 0x0000000086900000, 0x0000000086a00000|  0%| F|  |TAMS 0x0000000086900000| PB 0x0000000086900000| Untracked 
| 106|0x0000000086a00000, 0x0000000086a00000, 0x0000000086b00000|  0%| F|  |TAMS 0x0000000086a00000| PB 0x0000000086a00000| Untracked 
| 107|0x0000000086b00000, 0x0000000086b00000, 0x0000000086c00000|  0%| F|  |TAMS 0x0000000086b00000| PB 0x0000000086b00000| Untracked 
| 108|0x0000000086c00000, 0x0000000086c00000, 0x0000000086d00000|  0%| F|  |TAMS 0x0000000086c00000| PB 0x0000000086c00000| Untracked 
| 109|0x0000000086d00000, 0x0000000086d00000, 0x0000000086e00000|  0%| F|  |TAMS 0x0000000086d00000| PB 0x0000000086d00000| Untracked 
| 110|0x0000000086e00000, 0x0000000086e00000, 0x0000000086f00000|  0%| F|  |TAMS 0x0000000086e00000| PB 0x0000000086e00000| Untracked 
| 111|0x0000000086f00000, 0x0000000086f00000, 0x0000000087000000|  0%| F|  |TAMS 0x0000000086f00000| PB 0x0000000086f00000| Untracked 
| 112|0x0000000087000000, 0x0000000087000000, 0x0000000087100000|  0%| F|  |TAMS 0x0000000087000000| PB 0x0000000087000000| Untracked 
| 113|0x0000000087100000, 0x0000000087100000, 0x0000000087200000|  0%| F|  |TAMS 0x0000000087100000| PB 0x0000000087100000| Untracked 
| 114|0x0000000087200000, 0x0000000087200000, 0x0000000087300000|  0%| F|  |TAMS 0x0000000087200000| PB 0x0000000087200000| Untracked 
| 115|0x0000000087300000, 0x0000000087368980, 0x0000000087400000| 40%| E|  |TAMS 0x0000000087300000| PB 0x0000000087300000| Complete 
| 116|0x0000000087400000, 0x0000000087500000, 0x0000000087500000|100%| E|CS|TAMS 0x0000000087400000| PB 0x0000000087400000| Complete 
| 117|0x0000000087500000, 0x0000000087600000, 0x0000000087600000|100%| E|CS|TAMS 0x0000000087500000| PB 0x0000000087500000| Complete 
| 118|0x0000000087600000, 0x0000000087700000, 0x0000000087700000|100%| E|CS|TAMS 0x0000000087600000| PB 0x0000000087600000| Complete 
| 119|0x0000000087700000, 0x0000000087800000, 0x0000000087800000|100%| E|CS|TAMS 0x0000000087700000| PB 0x0000000087700000| Complete 
| 120|0x0000000087800000, 0x0000000087900000, 0x0000000087900000|100%| E|CS|TAMS 0x0000000087800000| PB 0x0000000087800000| Complete 
| 121|0x0000000087900000, 0x0000000087a00000, 0x0000000087a00000|100%| E|CS|TAMS 0x0000000087900000| PB 0x0000000087900000| Complete 
| 122|0x0000000087a00000, 0x0000000087b00000, 0x0000000087b00000|100%| E|CS|TAMS 0x0000000087a00000| PB 0x0000000087a00000| Complete 
| 123|0x0000000087b00000, 0x0000000087c00000, 0x0000000087c00000|100%| E|CS|TAMS 0x0000000087b00000| PB 0x0000000087b00000| Complete 
| 124|0x0000000087c00000, 0x0000000087d00000, 0x0000000087d00000|100%| E|CS|TAMS 0x0000000087c00000| PB 0x0000000087c00000| Complete 
| 156|0x0000000089c00000, 0x0000000089d00000, 0x0000000089d00000|100%| E|CS|TAMS 0x0000000089c00000| PB 0x0000000089c00000| Complete 
| 157|0x0000000089d00000, 0x0000000089e00000, 0x0000000089e00000|100%| E|CS|TAMS 0x0000000089d00000| PB 0x0000000089d00000| Complete 
| 158|0x0000000089e00000, 0x0000000089f00000, 0x0000000089f00000|100%| E|CS|TAMS 0x0000000089e00000| PB 0x0000000089e00000| Complete 
| 159|0x0000000089f00000, 0x000000008a000000, 0x000000008a000000|100%| E|CS|TAMS 0x0000000089f00000| PB 0x0000000089f00000| Complete 
| 160|0x000000008a000000, 0x000000008a100000, 0x000000008a100000|100%| E|CS|TAMS 0x000000008a000000| PB 0x000000008a000000| Complete 
| 161|0x000000008a100000, 0x000000008a200000, 0x000000008a200000|100%| E|CS|TAMS 0x000000008a100000| PB 0x000000008a100000| Complete 
| 162|0x000000008a200000, 0x000000008a300000, 0x000000008a300000|100%| E|CS|TAMS 0x000000008a200000| PB 0x000000008a200000| Complete 
| 163|0x000000008a300000, 0x000000008a400000, 0x000000008a400000|100%| E|CS|TAMS 0x000000008a300000| PB 0x000000008a300000| Complete 
| 164|0x000000008a400000, 0x000000008a500000, 0x000000008a500000|100%| E|CS|TAMS 0x000000008a400000| PB 0x000000008a400000| Complete 
| 165|0x000000008a500000, 0x000000008a600000, 0x000000008a600000|100%| E|CS|TAMS 0x000000008a500000| PB 0x000000008a500000| Complete 
| 191|0x000000008bf00000, 0x000000008c000000, 0x000000008c000000|100%| E|CS|TAMS 0x000000008bf00000| PB 0x000000008bf00000| Complete 
|2034|0x00000000ff200000, 0x00000000ff300000, 0x00000000ff300000|100%| O|  |TAMS 0x00000000ff200000| PB 0x00000000ff200000| Untracked 
|2035|0x00000000ff300000, 0x00000000ff400000, 0x00000000ff400000|100%| O|  |TAMS 0x00000000ff300000| PB 0x00000000ff300000| Untracked 
|2036|0x00000000ff400000, 0x00000000ff500000, 0x00000000ff500000|100%| O|  |TAMS 0x00000000ff400000| PB 0x00000000ff400000| Untracked 
|2037|0x00000000ff500000, 0x00000000ff600000, 0x00000000ff600000|100%| O|Cm|TAMS 0x00000000ff500000| PB 0x00000000ff500000| Complete 
|2038|0x00000000ff600000, 0x00000000ff700000, 0x00000000ff700000|100%| E|CS|TAMS 0x00000000ff600000| PB 0x00000000ff600000| Complete 
|2039|0x00000000ff700000, 0x00000000ff800000, 0x00000000ff800000|100%| O|  |TAMS 0x00000000ff700000| PB 0x00000000ff700000| Untracked 
|2040|0x00000000ff800000, 0x00000000ff900000, 0x00000000ff900000|100%| O|  |TAMS 0x00000000ff800000| PB 0x00000000ff800000| Untracked 
|2041|0x00000000ff900000, 0x00000000ffa00000, 0x00000000ffa00000|100%| O|  |TAMS 0x00000000ff900000| PB 0x00000000ff900000| Untracked 
|2042|0x00000000ffa00000, 0x00000000ffb00000, 0x00000000ffb00000|100%| O|  |TAMS 0x00000000ffa00000| PB 0x00000000ffa00000| Untracked 
|2043|0x00000000ffb00000, 0x00000000ffc00000, 0x00000000ffc00000|100%| O|  |TAMS 0x00000000ffb00000| PB 0x00000000ffb00000| Untracked 
|2044|0x00000000ffc00000, 0x00000000ffd00000, 0x00000000ffd00000|100%| O|  |TAMS 0x00000000ffc00000| PB 0x00000000ffc00000| Untracked 
|2045|0x00000000ffd00000, 0x00000000ffe00000, 0x00000000ffe00000|100%| O|  |TAMS 0x00000000ffd00000| PB 0x00000000ffd00000| Untracked 
|2046|0x00000000ffe00000, 0x00000000fff00000, 0x00000000fff00000|100%| O|  |TAMS 0x00000000ffe00000| PB 0x00000000ffe00000| Untracked 
|2047|0x00000000fff00000, 0x0000000100000000, 0x0000000100000000|100%| O|  |TAMS 0x00000000fff00000| PB 0x00000000fff00000| Untracked 

Card table byte_map: [0x000002d1459a0000,0x000002d145da0000] _byte_map_base: 0x000002d1455a0000

Marking Bits: (CMBitMap*) 0x000002d13146d2d0
 Bits: [0x000002d145da0000, 0x000002d147da0000)

Polling page: 0x000002d1312b0000

Metaspace:

Usage:
  Non-class:     51.27 MB used.
      Class:      8.16 MB used.
       Both:     59.42 MB used.

Virtual space:
  Non-class space:       64.00 MB reserved,      52.00 MB ( 81%) committed,  1 nodes.
      Class space:        1.00 GB reserved,       8.88 MB ( <1%) committed,  1 nodes.
             Both:        1.06 GB reserved,      60.88 MB (  6%) committed. 

Chunk freelists:
   Non-Class:  11.80 MB
       Class:  7.14 MB
        Both:  18.94 MB

MaxMetaspaceSize: unlimited
CompressedClassSpaceSize: 1.00 GB
Initial GC threshold: 21.00 MB
Current GC threshold: 94.06 MB
CDS: off
 - commit_granule_bytes: 65536.
 - commit_granule_words: 8192.
 - virtual_space_node_default_size: 8388608.
 - enlarge_chunks_in_place: 1.
 - use_allocation_guard: 0.


Internal statistics:

num_allocs_failed_limit: 6.
num_arena_births: 2818.
num_arena_deaths: 0.
num_vsnodes_births: 2.
num_vsnodes_deaths: 0.
num_space_committed: 974.
num_space_uncommitted: 0.
num_chunks_returned_to_freelist: 6.
num_chunks_taken_from_freelist: 5234.
num_chunk_merges: 6.
num_chunk_splits: 3384.
num_chunks_enlarged: 2094.
num_inconsistent_stats: 0.

CodeHeap 'non-profiled nmethods': size=120000Kb used=2634Kb max_used=2771Kb free=117365Kb
 bounds [0x000002d13d830000, 0x000002d13daf0000, 0x000002d144d60000]
CodeHeap 'profiled nmethods': size=120000Kb used=9792Kb max_used=10134Kb free=110207Kb
 bounds [0x000002d135d60000, 0x000002d136750000, 0x000002d13d290000]
CodeHeap 'non-nmethods': size=5760Kb used=2696Kb max_used=2751Kb free=3064Kb
 bounds [0x000002d13d290000, 0x000002d13d550000, 0x000002d13d830000]
 total_blobs=6018 nmethods=5169 adapters=753
 compilation: enabled
              stopped_count=0, restarted_count=0
 full_count=0

Compilation events (20 events):
Event: 6.132 Thread 0x000002d14a8cc950 5958       3       java.lang.String::charAt (25 bytes)
Event: 6.132 Thread 0x000002d14a8cc950 nmethod 5958 0x000002d136129e10 code [0x000002d13612a000, 0x000002d13612a548]
Event: 6.132 Thread 0x000002d14a8cc950 5959       3       java.lang.StringUTF16::length (5 bytes)
Event: 6.132 Thread 0x000002d14a8cc950 nmethod 5959 0x000002d135dc8090 code [0x000002d135dc8220, 0x000002d135dc8318]
Event: 6.135 Thread 0x000002d14a885940 nmethod 5957 0x000002d13d998b90 code [0x000002d13d998d80, 0x000002d13d9991f0]
Event: 6.135 Thread 0x000002d14a885940 5961       4       java.lang.String::charAt (25 bytes)
Event: 6.136 Thread 0x000002d14a885940 nmethod 5961 0x000002d13d9f3c90 code [0x000002d13d9f3e20, 0x000002d13d9f3f48]
Event: 6.136 Thread 0x000002d14a885940 5960       4       java.lang.StringLatin1::charAt (15 bytes)
Event: 6.136 Thread 0x000002d14a885940 nmethod 5960 0x000002d13d9f3910 code [0x000002d13d9f3aa0, 0x000002d13d9f3b70]
Event: 6.146 Thread 0x000002d14a885940 5962       4       sun.instrument.InstrumentationImpl::transform (73 bytes)
Event: 6.151 Thread 0x000002d14a885940 nmethod 5962 0x000002d13d9f2d10 code [0x000002d13d9f2ee0, 0x000002d13d9f33b8]
Event: 6.151 Thread 0x000002d14a885940 5963   !   4       sun.instrument.TransformerManager::transform (100 bytes)
Event: 6.155 Thread 0x000002d14a885940 nmethod 5963 0x000002d13d9f2310 code [0x000002d13d9f24e0, 0x000002d13d9f28c0]
Event: 6.155 Thread 0x000002d14a885940 5964       4       java.lang.instrument.ClassFileTransformer::transform (15 bytes)
Event: 6.156 Thread 0x000002d14a885940 nmethod 5964 0x000002d13d9f1d90 code [0x000002d13d9f1f40, 0x000002d13d9f2118]
Event: 6.156 Thread 0x000002d14a885940 5965   !   4       org.gradle.internal.agents.DefaultClassFileTransformer::transform (42 bytes)
Event: 6.157 Thread 0x000002d14a885940 nmethod 5965 0x000002d13d9f6790 code [0x000002d13d9f6940, 0x000002d13d9f6ad0]
Event: 6.171 Thread 0x000002d14a8cc950 5966       1       org.jetbrains.kotlin.com.intellij.psi.tree.IElementType::getIndex (5 bytes)
Event: 6.171 Thread 0x000002d14a8cc950 nmethod 5966 0x000002d13d9f6490 code [0x000002d13d9f6620, 0x000002d13d9f66f0]
Event: 6.188 Thread 0x000002d14a885940 5967   !   4       java.net.URLClassLoader::findClass (47 bytes)

GC Heap History (20 events):
Event: 2.493 GC heap before
{Heap before GC invocations=5 (full 0):
 garbage-first heap   total 75776K, used 74240K [0x0000000080000000, 0x0000000100000000)
  region size 1024K, 63 young (64512K), 10 survivors (10240K)
 Metaspace       used 29997K, committed 30592K, reserved 1114112K
  class space    used 3879K, committed 4160K, reserved 1048576K
}
Event: 2.500 GC heap after
{Heap after GC invocations=6 (full 0):
 garbage-first heap   total 90112K, used 24475K [0x0000000080000000, 0x0000000100000000)
  region size 1024K, 11 young (11264K), 11 survivors (11264K)
 Metaspace       used 29997K, committed 30592K, reserved 1114112K
  class space    used 3879K, committed 4160K, reserved 1048576K
}
Event: 3.067 GC heap before
{Heap before GC invocations=6 (full 0):
 garbage-first heap   total 90112K, used 78747K [0x0000000080000000, 0x0000000100000000)
  region size 1024K, 52 young (53248K), 11 survivors (11264K)
 Metaspace       used 35125K, committed 35968K, reserved 1114112K
  class space    used 4756K, committed 5184K, reserved 1048576K
}
Event: 3.077 GC heap after
{Heap after GC invocations=7 (full 0):
 garbage-first heap   total 97280K, used 42554K [0x0000000080000000, 0x0000000100000000)
  region size 1024K, 7 young (7168K), 7 survivors (7168K)
 Metaspace       used 35125K, committed 35968K, reserved 1114112K
  class space    used 4756K, committed 5184K, reserved 1048576K
}
Event: 3.096 GC heap before
{Heap before GC invocations=7 (full 0):
 garbage-first heap   total 97280K, used 42554K [0x0000000080000000, 0x0000000100000000)
  region size 1024K, 8 young (8192K), 7 survivors (7168K)
 Metaspace       used 35171K, committed 35968K, reserved 1114112K
  class space    used 4763K, committed 5184K, reserved 1048576K
}
Event: 3.100 GC heap after
{Heap after GC invocations=8 (full 0):
 garbage-first heap   total 97280K, used 43575K [0x0000000080000000, 0x0000000100000000)
  region size 1024K, 1 young (1024K), 1 survivors (1024K)
 Metaspace       used 35171K, committed 35968K, reserved 1114112K
  class space    used 4763K, committed 5184K, reserved 1048576K
}
Event: 3.534 GC heap before
{Heap before GC invocations=9 (full 0):
 garbage-first heap   total 97280K, used 83511K [0x0000000080000000, 0x0000000100000000)
  region size 1024K, 40 young (40960K), 1 survivors (1024K)
 Metaspace       used 40126K, committed 41216K, reserved 1114112K
  class space    used 5579K, committed 6080K, reserved 1048576K
}
Event: 3.536 GC heap after
{Heap after GC invocations=10 (full 0):
 garbage-first heap   total 97280K, used 44756K [0x0000000080000000, 0x0000000100000000)
  region size 1024K, 2 young (2048K), 2 survivors (2048K)
 Metaspace       used 40126K, committed 41216K, reserved 1114112K
  class space    used 5579K, committed 6080K, reserved 1048576K
}
Event: 3.946 GC heap before
{Heap before GC invocations=10 (full 0):
 garbage-first heap   total 97280K, used 84692K [0x0000000080000000, 0x0000000100000000)
  region size 1024K, 42 young (43008K), 2 survivors (2048K)
 Metaspace       used 47933K, committed 49216K, reserved 1114112K
  class space    used 6605K, committed 7232K, reserved 1048576K
}
Event: 3.950 GC heap after
{Heap after GC invocations=11 (full 0):
 garbage-first heap   total 97280K, used 48440K [0x0000000080000000, 0x0000000100000000)
  region size 1024K, 6 young (6144K), 6 survivors (6144K)
 Metaspace       used 47933K, committed 49216K, reserved 1114112K
  class space    used 6605K, committed 7232K, reserved 1048576K
}
Event: 4.117 GC heap before
{Heap before GC invocations=11 (full 0):
 garbage-first heap   total 97280K, used 79160K [0x0000000080000000, 0x0000000100000000)
  region size 1024K, 37 young (37888K), 6 survivors (6144K)
 Metaspace       used 49384K, committed 50688K, reserved 1114112K
  class space    used 6728K, committed 7360K, reserved 1048576K
}
Event: 4.122 GC heap after
{Heap after GC invocations=12 (full 0):
 garbage-first heap   total 97280K, used 51917K [0x0000000080000000, 0x0000000100000000)
  region size 1024K, 4 young (4096K), 4 survivors (4096K)
 Metaspace       used 49384K, committed 50688K, reserved 1114112K
  class space    used 6728K, committed 7360K, reserved 1048576K
}
Event: 4.512 GC heap before
{Heap before GC invocations=13 (full 0):
 garbage-first heap   total 97280K, used 91853K [0x0000000080000000, 0x0000000100000000)
  region size 1024K, 38 young (38912K), 4 survivors (4096K)
 Metaspace       used 54191K, committed 55616K, reserved 1114112K
  class space    used 7407K, committed 8128K, reserved 1048576K
}
Event: 4.516 GC heap after
{Heap after GC invocations=14 (full 0):
 garbage-first heap   total 98304K, used 53343K [0x0000000080000000, 0x0000000100000000)
  region size 1024K, 3 young (3072K), 3 survivors (3072K)
 Metaspace       used 54191K, committed 55616K, reserved 1114112K
  class space    used 7407K, committed 8128K, reserved 1048576K
}
Event: 5.830 GC heap before
{Heap before GC invocations=14 (full 0):
 garbage-first heap   total 98304K, used 94303K [0x0000000080000000, 0x0000000100000000)
  region size 1024K, 36 young (36864K), 3 survivors (3072K)
 Metaspace       used 56048K, committed 57536K, reserved 1114112K
  class space    used 7684K, committed 8384K, reserved 1048576K
}
Event: 5.835 GC heap after
{Heap after GC invocations=15 (full 0):
 garbage-first heap   total 105472K, used 66747K [0x0000000080000000, 0x0000000100000000)
  region size 1024K, 5 young (5120K), 5 survivors (5120K)
 Metaspace       used 56048K, committed 57536K, reserved 1114112K
  class space    used 7684K, committed 8384K, reserved 1048576K
}
Event: 5.877 GC heap before
{Heap before GC invocations=15 (full 0):
 garbage-first heap   total 105472K, used 69819K [0x0000000080000000, 0x0000000100000000)
  region size 1024K, 9 young (9216K), 5 survivors (5120K)
 Metaspace       used 56185K, committed 57664K, reserved 1114112K
  class space    used 7710K, committed 8448K, reserved 1048576K
}
Event: 5.880 GC heap after
{Heap after GC invocations=16 (full 0):
 garbage-first heap   total 105472K, used 68399K [0x0000000080000000, 0x0000000100000000)
  region size 1024K, 1 young (1024K), 1 survivors (1024K)
 Metaspace       used 56185K, committed 57664K, reserved 1114112K
  class space    used 7710K, committed 8448K, reserved 1048576K
}
Event: 6.047 GC heap before
{Heap before GC invocations=17 (full 0):
 garbage-first heap   total 128000K, used 101167K [0x0000000080000000, 0x0000000100000000)
  region size 1024K, 25 young (25600K), 1 survivors (1024K)
 Metaspace       used 58275K, committed 59840K, reserved 1114112K
  class space    used 7876K, committed 8640K, reserved 1048576K
}
Event: 6.049 GC heap after
{Heap after GC invocations=18 (full 0):
 garbage-first heap   total 153600K, used 75799K [0x0000000080000000, 0x0000000100000000)
  region size 1024K, 3 young (3072K), 3 survivors (3072K)
 Metaspace       used 58275K, committed 59840K, reserved 1114112K
  class space    used 7876K, committed 8640K, reserved 1048576K
}

Dll operation events (3 events):
Event: 0.019 Loaded shared library C:\Program Files\Android\Android Studio\jbr\bin\java.dll
Event: 0.028 Loaded shared library C:\Program Files\Android\Android Studio\jbr\bin\zip.dll
Event: 0.437 Loaded shared library C:\Program Files\Android\Android Studio\jbr\bin\verify.dll

Deoptimization events (20 events):
Event: 6.151 Thread 0x000002d1509acf60 Uncommon trap: trap_request=0xffffffbe fr.pc=0x000002d13d9f3204 relative=0x0000000000000324
Event: 6.151 Thread 0x000002d1509acf60 Uncommon trap: reason=profile_predicate action=maybe_recompile pc=0x000002d13d9f3204 method=sun.instrument.TransformerManager.transform(Ljava/lang/Module;Ljava/lang/ClassLoader;Ljava/lang/String;Ljava/lang/Class;Ljava/security/ProtectionDomain;[B)[B @ 21 
Event: 6.151 Thread 0x000002d1509acf60 DEOPT PACKING pc=0x000002d13d9f3204 sp=0x000000de6a8efdc0
Event: 6.151 Thread 0x000002d1509acf60 DEOPT UNPACKING pc=0x000002d13d2e46a2 sp=0x000000de6a8efc90 mode 2
Event: 6.152 Thread 0x000002d1509acf60 Uncommon trap: trap_request=0xffffffbe fr.pc=0x000002d13d9f3204 relative=0x0000000000000324
Event: 6.152 Thread 0x000002d1509acf60 Uncommon trap: reason=profile_predicate action=maybe_recompile pc=0x000002d13d9f3204 method=sun.instrument.TransformerManager.transform(Ljava/lang/Module;Ljava/lang/ClassLoader;Ljava/lang/String;Ljava/lang/Class;Ljava/security/ProtectionDomain;[B)[B @ 21 
Event: 6.152 Thread 0x000002d1509acf60 DEOPT PACKING pc=0x000002d13d9f3204 sp=0x000000de6a8f0000
Event: 6.152 Thread 0x000002d1509acf60 DEOPT UNPACKING pc=0x000002d13d2e46a2 sp=0x000000de6a8efed0 mode 2
Event: 6.152 Thread 0x000002d1509acf60 Uncommon trap: trap_request=0xffffffbe fr.pc=0x000002d13d9f3204 relative=0x0000000000000324
Event: 6.152 Thread 0x000002d1509acf60 Uncommon trap: reason=profile_predicate action=maybe_recompile pc=0x000002d13d9f3204 method=sun.instrument.TransformerManager.transform(Ljava/lang/Module;Ljava/lang/ClassLoader;Ljava/lang/String;Ljava/lang/Class;Ljava/security/ProtectionDomain;[B)[B @ 21 
Event: 6.152 Thread 0x000002d1509acf60 DEOPT PACKING pc=0x000002d13d9f3204 sp=0x000000de6a8ee6f0
Event: 6.152 Thread 0x000002d1509acf60 DEOPT UNPACKING pc=0x000002d13d2e46a2 sp=0x000000de6a8ee5c0 mode 2
Event: 6.153 Thread 0x000002d1509acf60 Uncommon trap: trap_request=0xffffffbe fr.pc=0x000002d13d9f3204 relative=0x0000000000000324
Event: 6.153 Thread 0x000002d1509acf60 Uncommon trap: reason=profile_predicate action=maybe_recompile pc=0x000002d13d9f3204 method=sun.instrument.TransformerManager.transform(Ljava/lang/Module;Ljava/lang/ClassLoader;Ljava/lang/String;Ljava/lang/Class;Ljava/security/ProtectionDomain;[B)[B @ 21 
Event: 6.153 Thread 0x000002d1509acf60 DEOPT PACKING pc=0x000002d13d9f3204 sp=0x000000de6a8ee110
Event: 6.153 Thread 0x000002d1509acf60 DEOPT UNPACKING pc=0x000002d13d2e46a2 sp=0x000000de6a8edfe0 mode 2
Event: 6.155 Thread 0x000002d1509acf60 Uncommon trap: trap_request=0xffffffbe fr.pc=0x000002d13d9f27a8 relative=0x00000000000002c8
Event: 6.155 Thread 0x000002d1509acf60 Uncommon trap: reason=profile_predicate action=maybe_recompile pc=0x000002d13d9f27a8 method=sun.instrument.TransformerManager.transform(Ljava/lang/Module;Ljava/lang/ClassLoader;Ljava/lang/String;Ljava/lang/Class;Ljava/security/ProtectionDomain;[B)[B @ 21 
Event: 6.155 Thread 0x000002d1509acf60 DEOPT PACKING pc=0x000002d13d9f27a8 sp=0x000000de6a8ee090
Event: 6.155 Thread 0x000002d1509acf60 DEOPT UNPACKING pc=0x000002d13d2e46a2 sp=0x000000de6a8ee048 mode 2

Classes loaded (20 events):
Event: 5.842 Loading class java/lang/ClassCustomizer
Event: 5.842 Loading class java/lang/ClassCustomizer done
Event: 5.843 Loading class java/lang/ClassCustomizer
Event: 5.843 Loading class java/lang/ClassCustomizer done
Event: 5.843 Loading class sun/reflect/generics/tree/BooleanSignature
Event: 5.843 Loading class sun/reflect/generics/tree/BooleanSignature done
Event: 5.843 Loading class sun/reflect/generics/reflectiveObjects/GenericArrayTypeImpl
Event: 5.843 Loading class sun/reflect/generics/reflectiveObjects/GenericArrayTypeImpl done
Event: 5.845 Loading class jdk/internal/vm/annotation/ForceInline
Event: 5.845 Loading class jdk/internal/vm/annotation/ForceInline done
Event: 5.992 Loading class java/util/BitSet$1BitSetSpliterator
Event: 5.992 Loading class java/util/BitSet$1BitSetSpliterator done
Event: 5.998 Loading class sun/nio/fs/WindowsException
Event: 5.998 Loading class sun/nio/fs/WindowsException done
Event: 6.006 Loading class java/util/Collections$SynchronizedRandomAccessList
Event: 6.006 Loading class java/util/Collections$SynchronizedList
Event: 6.006 Loading class java/util/Collections$SynchronizedList done
Event: 6.006 Loading class java/util/Collections$SynchronizedRandomAccessList done
Event: 6.134 Loading class java/util/EmptyStackException
Event: 6.134 Loading class java/util/EmptyStackException done

Classes unloaded (0 events):
No events

Classes redefined (0 events):
No events

Internal exceptions (20 events):
Event: 5.858 Thread 0x000002d1509acf60 Exception <a 'java/lang/ClassNotFoundException'{0x000000008a525550}: org/gradle/internal/service/DefaultServiceRegistryBeanInfo> (0x000000008a525550) 
thrown [s\src\hotspot\share\classfile\systemDictionary.cpp, line 312]
Event: 5.858 Thread 0x000002d1509acf60 Exception <a 'java/lang/ClassNotFoundException'{0x000000008a539660}: org/gradle/internal/service/DefaultServiceRegistryCustomizer> (0x000000008a539660) 
thrown [s\src\hotspot\share\classfile\systemDictionary.cpp, line 312]
Event: 5.859 Thread 0x000002d1509acf60 Exception <a 'java/lang/ClassNotFoundException'{0x000000008a55cc40}: org/gradle/internal/service/ScopedServiceRegistryCustomizer> (0x000000008a55cc40) 
thrown [s\src\hotspot\share\classfile\systemDictionary.cpp, line 312]
Event: 5.860 Thread 0x000002d1509acf60 Exception <a 'java/lang/ClassNotFoundException'{0x000000008a5730e0}: org/gradle/internal/service/scopes/GradleScopeServicesCustomizer> (0x000000008a5730e0) 
thrown [s\src\hotspot\share\classfile\systemDictionary.cpp, line 312]
Event: 5.863 Thread 0x000002d1509acf60 Exception <a 'java/lang/ClassNotFoundException'{0x000000008a5bce30}: org/gradle/internal/extensibility/DefaultConventionBeanInfo> (0x000000008a5bce30) 
thrown [s\src\hotspot\share\classfile\systemDictionary.cpp, line 312]
Event: 5.864 Thread 0x000002d1509acf60 Exception <a 'java/lang/ClassNotFoundException'{0x000000008a5d0f60}: org/gradle/internal/extensibility/DefaultConventionCustomizer> (0x000000008a5d0f60) 
thrown [s\src\hotspot\share\classfile\systemDictionary.cpp, line 312]
Event: 5.873 Thread 0x000002d1509acf60 Exception <a 'java/lang/ClassNotFoundException'{0x000000008a465790}: com/intellij/gradle/toolingExtension/impl/modelBuilder/ExtraModelBuilderBeanInfo> (0x000000008a465790) 
thrown [s\src\hotspot\share\classfile\systemDictionary.cpp, line 312]
Event: 5.874 Thread 0x000002d1509acf60 Exception <a 'java/lang/ClassNotFoundException'{0x000000008a471218}: com/intellij/gradle/toolingExtension/impl/modelBuilder/ExtraModelBuilderCustomizer> (0x000000008a471218) 
thrown [s\src\hotspot\share\classfile\systemDictionary.cpp, line 312]
Event: 5.995 Thread 0x000002d1509acf60 Exception <a 'java/lang/IncompatibleClassChangeError'{0x0000000089cc90d0}: Found class java.lang.Object, but interface was expected> (0x0000000089cc90d0) 
thrown [s\src\hotspot\share\interpreter\linkResolver.cpp, line 851]
Event: 5.998 Thread 0x000002d1509acf60 Exception <a 'sun/nio/fs/WindowsException'{0x0000000086304b88}> (0x0000000086304b88) 
thrown [s\src\hotspot\share\prims\jni.cpp, line 535]
Event: 5.999 Thread 0x000002d1509acf60 Exception <a 'sun/nio/fs/WindowsException'{0x0000000086306348}> (0x0000000086306348) 
thrown [s\src\hotspot\share\prims\jni.cpp, line 535]
Event: 5.999 Thread 0x000002d1509acf60 Exception <a 'sun/nio/fs/WindowsException'{0x0000000086307ab8}> (0x0000000086307ab8) 
thrown [s\src\hotspot\share\prims\jni.cpp, line 535]
Event: 6.000 Thread 0x000002d1509acf60 Exception <a 'sun/nio/fs/WindowsException'{0x0000000086309248}> (0x0000000086309248) 
thrown [s\src\hotspot\share\prims\jni.cpp, line 535]
Event: 6.001 Thread 0x000002d1509acf60 Exception <a 'java/lang/NoSuchMethodError'{0x0000000086319aa8}: 'java.lang.Object java.lang.invoke.Invokers$Holder.invoker(java.lang.Object, java.lang.Object, java.lang.Object, java.lang.Object, java.lang.Object, java.lang.Object)'> (0x0000000086319aa8) 
thrown [s\src\hotspot\share\interpreter\linkResolver.cpp, line 784]
Event: 6.011 Thread 0x000002d1509acf60 Exception <a 'java/lang/NoSuchMethodError'{0x00000000863cfc38}: 'java.lang.Object java.lang.invoke.Invokers$Holder.invoker(java.lang.Object, java.lang.Object, java.lang.Object, java.lang.Object, java.lang.Object, java.lang.Object, java.lang.Object, java.lang.Object, java.lang.Object, java.lang.Object, java.lang.Object, java.lang.Object, java.lang.Object, java.lang.Object, java.lang.Object, java.lang.Object, java.lang.Object, java.lang.Object, java.lang.Object, java.lang.Object, java.lang.Object, java.lang.
Event: 6.011 Thread 0x000002d1509acf60 Exception <a 'java/lang/NoSuchMethodError'{0x00000000863d6498}: 'java.lang.Object java.lang.invoke.DelegatingMethodHandle$Holder.delegate(java.lang.Object, java.lang.Object, java.lang.Object, java.lang.Object, java.lang.Object, java.lang.Object, java.lang.Object, java.lang.Object, java.lang.Object, java.lang.Object, java.lang.Object, java.lang.Object, java.lang.Object, java.lang.Object, java.lang.Object, java.lang.Object, java.lang.Object, java.lang.Object, java.lang.Object, java.lang.Object, java.lang.Obj
Event: 6.103 Thread 0x000002d1509acf60 Exception <a 'java/lang/IncompatibleClassChangeError'{0x0000000089d0ee20}: Found class java.lang.Object, but interface was expected> (0x0000000089d0ee20) 
thrown [s\src\hotspot\share\interpreter\linkResolver.cpp, line 851]
Event: 6.106 Thread 0x000002d1509acf60 Exception <a 'java/lang/NoSuchMethodError'{0x0000000089d537a8}: 'void java.lang.invoke.DirectMethodHandle$Holder.invokeStatic(java.lang.Object, java.lang.Object, java.lang.Object, java.lang.Object, java.lang.Object, java.lang.Object)'> (0x0000000089d537a8) 
thrown [s\src\hotspot\share\interpreter\linkResolver.cpp, line 784]
Event: 6.113 Thread 0x000002d1509acf60 Exception <a 'java/lang/NoSuchMethodError'{0x0000000089dd7c98}: 'void java.lang.invoke.DirectMethodHandle$Holder.invokeVirtual(java.lang.Object, java.lang.Object)'> (0x0000000089dd7c98) 
thrown [s\src\hotspot\share\interpreter\linkResolver.cpp, line 784]
Event: 6.141 Thread 0x000002d1509acf60 Exception <a 'java/lang/NoSuchMethodError'{0x0000000087ccfed8}: 'java.lang.Object java.lang.invoke.DirectMethodHandle$Holder.invokeStaticInit(java.lang.Object, int)'> (0x0000000087ccfed8) 
thrown [s\src\hotspot\share\interpreter\linkResolver.cpp, line 784]

ZGC Phase Switch (0 events):
No events

VM Operations (20 events):
Event: 5.877 Executing VM operation: G1TryInitiateConcMark (G1 Humongous Allocation)
Event: 5.880 Executing VM operation: G1TryInitiateConcMark (G1 Humongous Allocation) done
Event: 5.900 Executing VM operation: G1PauseRemark
Event: 5.903 Executing VM operation: G1PauseRemark done
Event: 5.913 Executing VM operation: G1PauseCleanup
Event: 5.914 Executing VM operation: G1PauseCleanup done
Event: 5.999 Executing VM operation: HandshakeAllThreads (Deoptimize)
Event: 5.999 Executing VM operation: HandshakeAllThreads (Deoptimize) done
Event: 6.047 Executing VM operation: G1CollectForAllocation (G1 Evacuation Pause)
Event: 6.049 Executing VM operation: G1CollectForAllocation (G1 Evacuation Pause) done
Event: 6.100 Executing VM operation: HandshakeAllThreads (Deoptimize)
Event: 6.100 Executing VM operation: HandshakeAllThreads (Deoptimize) done
Event: 6.134 Executing VM operation: HandshakeAllThreads (Deoptimize)
Event: 6.134 Executing VM operation: HandshakeAllThreads (Deoptimize) done
Event: 6.140 Executing VM operation: HandshakeAllThreads (Deoptimize)
Event: 6.140 Executing VM operation: HandshakeAllThreads (Deoptimize) done
Event: 6.195 Executing VM operation: HandshakeAllThreads (Deoptimize)
Event: 6.195 Executing VM operation: HandshakeAllThreads (Deoptimize) done
Event: 6.197 Executing VM operation: HandshakeAllThreads (Deoptimize)
Event: 6.197 Executing VM operation: HandshakeAllThreads (Deoptimize) done

Events (20 events):
Event: 5.902 Thread 0x000002d14a80c640 flushing nmethod 0x000002d13d9f9d90
Event: 5.902 Thread 0x000002d14a80c640 flushing nmethod 0x000002d13d9f7e90
Event: 5.902 Thread 0x000002d14a80c640 flushing nmethod 0x000002d13d9ddb90
Event: 5.902 Thread 0x000002d14a80c640 flushing nmethod 0x000002d13d9e8790
Event: 5.902 Thread 0x000002d14a80c640 flushing nmethod 0x000002d13d9edb90
Event: 5.902 Thread 0x000002d14a80c640 flushing nmethod 0x000002d13d9e5390
Event: 5.902 Thread 0x000002d14a80c640 flushing nmethod 0x000002d13d93ea90
Event: 5.902 Thread 0x000002d14a80c640 flushing nmethod 0x000002d13d995990
Event: 5.902 Thread 0x000002d14a80c640 flushing nmethod 0x000002d13d945610
Event: 5.902 Thread 0x000002d14a80c640 flushing nmethod 0x000002d13d92c490
Event: 5.902 Thread 0x000002d14a80c640 flushing nmethod 0x000002d13d922a10
Event: 5.902 Thread 0x000002d14a80c640 flushing nmethod 0x000002d13d8b6d90
Event: 5.902 Thread 0x000002d14a80c640 flushing nmethod 0x000002d13d8b6210
Event: 5.902 Thread 0x000002d14a80c640 flushing nmethod 0x000002d13d8cc190
Event: 5.902 Thread 0x000002d14a80c640 flushing nmethod 0x000002d13d8e1010
Event: 5.902 Thread 0x000002d14a80c640 flushing nmethod 0x000002d13d894b90
Event: 5.902 Thread 0x000002d14a80c640 flushing nmethod 0x000002d13d8dae90
Event: 5.902 Thread 0x000002d14a80c640 flushing nmethod 0x000002d13d8c9d90
Event: 5.902 Thread 0x000002d14a80c640 flushing nmethod 0x000002d13d8d0d10
Event: 5.902 Thread 0x000002d14a80c640 flushing nmethod 0x000002d13d830010


Dynamic libraries:
0x00007ff61b180000 - 0x00007ff61b18a000 	C:\Program Files\Android\Android Studio\jbr\bin\java.exe
0x00007fffb1850000 - 0x00007fffb1a48000 	C:\Windows\SYSTEM32\ntdll.dll
0x00007fffaf990000 - 0x00007fffafa52000 	C:\Windows\System32\KERNEL32.DLL
0x00007fffaf4a0000 - 0x00007fffaf79f000 	C:\Windows\System32\KERNELBASE.dll
0x00007fffaef80000 - 0x00007fffaf080000 	C:\Windows\System32\ucrtbase.dll
0x00007fff8ee40000 - 0x00007fff8ee5b000 	C:\Program Files\Android\Android Studio\jbr\bin\VCRUNTIME140.dll
0x00007fffab550000 - 0x00007fffab568000 	C:\Program Files\Android\Android Studio\jbr\bin\jli.dll
0x00007fffb0ae0000 - 0x00007fffb0c7d000 	C:\Windows\System32\USER32.dll
0x00007fffaf470000 - 0x00007fffaf492000 	C:\Windows\System32\win32u.dll
0x00007fffb0290000 - 0x00007fffb02bb000 	C:\Windows\System32\GDI32.dll
0x00007fff9ebb0000 - 0x00007fff9ee4a000 	C:\Windows\WinSxS\amd64_microsoft.windows.common-controls_6595b64144ccf1df_6.0.19041.4355_none_60b8b9eb71f62e16\COMCTL32.dll
0x00007fffaf130000 - 0x00007fffaf247000 	C:\Windows\System32\gdi32full.dll
0x00007fffb0050000 - 0x00007fffb00ee000 	C:\Windows\System32\msvcrt.dll
0x00007fffaeee0000 - 0x00007fffaef7d000 	C:\Windows\System32\msvcp_win.dll
0x00007fffb1730000 - 0x00007fffb175f000 	C:\Windows\System32\IMM32.DLL
0x00007fffa9a10000 - 0x00007fffa9a1c000 	C:\Program Files\Android\Android Studio\jbr\bin\vcruntime140_1.dll
0x00007fff7de60000 - 0x00007fff7deed000 	C:\Program Files\Android\Android Studio\jbr\bin\msvcp140.dll
0x00007fff426b0000 - 0x00007fff4332d000 	C:\Program Files\Android\Android Studio\jbr\bin\server\jvm.dll
0x00007fffb0d50000 - 0x00007fffb0e01000 	C:\Windows\System32\ADVAPI32.dll
0x00007fffb1770000 - 0x00007fffb180f000 	C:\Windows\System32\sechost.dll
0x00007fffaf860000 - 0x00007fffaf983000 	C:\Windows\System32\RPCRT4.dll
0x00007fffaf830000 - 0x00007fffaf857000 	C:\Windows\System32\bcrypt.dll
0x00007fffb0220000 - 0x00007fffb028b000 	C:\Windows\System32\WS2_32.dll
0x00007fffae470000 - 0x00007fffae4bb000 	C:\Windows\SYSTEM32\POWRPROF.dll
0x00007fffa34f0000 - 0x00007fffa3517000 	C:\Windows\SYSTEM32\WINMM.dll
0x00007fffa7a20000 - 0x00007fffa7a2a000 	C:\Windows\SYSTEM32\VERSION.dll
0x00007fffae2e0000 - 0x00007fffae2f2000 	C:\Windows\SYSTEM32\UMPDC.dll
0x00007fffacd80000 - 0x00007fffacd92000 	C:\Windows\SYSTEM32\kernel.appcore.dll
0x00007fffa7710000 - 0x00007fffa771a000 	C:\Program Files\Android\Android Studio\jbr\bin\jimage.dll
0x00007fffa6680000 - 0x00007fffa6864000 	C:\Windows\SYSTEM32\DBGHELP.DLL
0x00007fff9bfb0000 - 0x00007fff9bfe4000 	C:\Windows\SYSTEM32\dbgcore.DLL
0x00007fffaf7a0000 - 0x00007fffaf822000 	C:\Windows\System32\bcryptPrimitives.dll
0x00007fffab540000 - 0x00007fffab54e000 	C:\Program Files\Android\Android Studio\jbr\bin\instrument.dll
0x00007fff8c580000 - 0x00007fff8c59f000 	C:\Program Files\Android\Android Studio\jbr\bin\java.dll
0x00007fff85d00000 - 0x00007fff85d18000 	C:\Program Files\Android\Android Studio\jbr\bin\zip.dll
0x00007fffb02c0000 - 0x00007fffb0a2e000 	C:\Windows\System32\SHELL32.dll
0x00007fffacf80000 - 0x00007fffad724000 	C:\Windows\SYSTEM32\windows.storage.dll
0x00007fffafaf0000 - 0x00007fffafe45000 	C:\Windows\System32\combase.dll
0x00007fffae910000 - 0x00007fffae93f000 	C:\Windows\SYSTEM32\Wldp.dll
0x00007fffb0e10000 - 0x00007fffb0edd000 	C:\Windows\System32\OLEAUT32.dll
0x00007fffb0c80000 - 0x00007fffb0d2d000 	C:\Windows\System32\SHCORE.dll
0x00007fffb0ee0000 - 0x00007fffb0f35000 	C:\Windows\System32\shlwapi.dll
0x00007fffaee10000 - 0x00007fffaee34000 	C:\Windows\SYSTEM32\profapi.dll
0x00007fffa5960000 - 0x00007fffa5970000 	C:\Program Files\Android\Android Studio\jbr\bin\net.dll
0x00007fffa8520000 - 0x00007fffa862d000 	C:\Windows\SYSTEM32\WINHTTP.dll
0x00007fffae670000 - 0x00007fffae6da000 	C:\Windows\system32\mswsock.dll
0x00007fff84b60000 - 0x00007fff84b76000 	C:\Program Files\Android\Android Studio\jbr\bin\nio.dll
0x00007fff9df90000 - 0x00007fff9dfa0000 	C:\Program Files\Android\Android Studio\jbr\bin\verify.dll
0x00007fffab9c0000 - 0x00007fffab9e7000 	C:\Users\APRO\.gradle\native\c067742578af261105cb4f569cf0c3c89f3d7b1fecec35dd04571415982c5e48\windows-amd64\native-platform.dll
0x00007fff70e50000 - 0x00007fff70f94000 	C:\Users\APRO\.gradle\native\100fb08df4bc3b14c8652ba06237920a3bd2aa13389f12d3474272988ae205f9\windows-amd64\native-platform-file-events.dll
0x00007fffa0130000 - 0x00007fffa0139000 	C:\Program Files\Android\Android Studio\jbr\bin\management.dll
0x00007fff9fff0000 - 0x00007fff9fffb000 	C:\Program Files\Android\Android Studio\jbr\bin\management_ext.dll
0x00007fffb0040000 - 0x00007fffb0048000 	C:\Windows\System32\PSAPI.DLL
0x00007fffae870000 - 0x00007fffae888000 	C:\Windows\SYSTEM32\CRYPTSP.dll
0x00007fffadf20000 - 0x00007fffadf54000 	C:\Windows\system32\rsaenh.dll
0x00007fffaed90000 - 0x00007fffaedbe000 	C:\Windows\SYSTEM32\USERENV.dll
0x00007fffae860000 - 0x00007fffae86c000 	C:\Windows\SYSTEM32\CRYPTBASE.dll
0x00007fffae300000 - 0x00007fffae33b000 	C:\Windows\SYSTEM32\IPHLPAPI.DLL
0x00007fffb1760000 - 0x00007fffb1768000 	C:\Windows\System32\NSI.dll
0x00007fffa0300000 - 0x00007fffa0309000 	C:\Program Files\Android\Android Studio\jbr\bin\extnet.dll
0x00007fffa0ff0000 - 0x00007fffa0ff7000 	C:\Windows\system32\wshunix.dll

dbghelp: loaded successfully - version: 4.0.5 - missing functions: none
symbol engine: initialized successfully - sym options: 0x614 - pdb path: .;C:\Program Files\Android\Android Studio\jbr\bin;C:\Windows\SYSTEM32;C:\Windows\WinSxS\amd64_microsoft.windows.common-controls_6595b64144ccf1df_6.0.19041.4355_none_60b8b9eb71f62e16;C:\Program Files\Android\Android Studio\jbr\bin\server;C:\Users\APRO\.gradle\native\c067742578af261105cb4f569cf0c3c89f3d7b1fecec35dd04571415982c5e48\windows-amd64;C:\Users\APRO\.gradle\native\100fb08df4bc3b14c8652ba06237920a3bd2aa13389f12d3474272988ae205f9\windows-amd64

VM Arguments:
jvm_args: --add-opens=java.base/java.util=ALL-UNNAMED --add-opens=java.base/java.lang=ALL-UNNAMED --add-opens=java.base/java.lang.invoke=ALL-UNNAMED --add-opens=java.prefs/java.util.prefs=ALL-UNNAMED --add-exports=jdk.compiler/com.sun.tools.javac.api=ALL-UNNAMED --add-exports=jdk.compiler/com.sun.tools.javac.util=ALL-UNNAMED --add-opens=java.base/java.nio.charset=ALL-UNNAMED --add-opens=java.base/java.net=ALL-UNNAMED --add-opens=java.base/java.util.concurrent.atomic=ALL-UNNAMED -Xmx2048m -Dfile.encoding=UTF-8 -Duser.country=KR -Duser.language=ko -Duser.variant -javaagent:C:\Users\APRO\.gradle\wrapper\dists\gradle-8.9-bin\90cnw93cvbtalezasaz0blq0a\gradle-8.9\lib\agents\gradle-instrumentation-agent-8.9.jar 
java_command: org.gradle.launcher.daemon.bootstrap.GradleDaemon 8.9
java_class_path (initial): C:\Users\APRO\.gradle\wrapper\dists\gradle-8.9-bin\90cnw93cvbtalezasaz0blq0a\gradle-8.9\lib\gradle-daemon-main-8.9.jar
Launcher Type: SUN_STANDARD

[Global flags]
     intx CICompilerCount                          = 3                                         {product} {ergonomic}
     uint ConcGCThreads                            = 2                                         {product} {ergonomic}
     uint G1ConcRefinementThreads                  = 6                                         {product} {ergonomic}
   size_t G1HeapRegionSize                         = 1048576                                   {product} {ergonomic}
    uintx GCDrainStackTargetSize                   = 64                                        {product} {ergonomic}
   size_t InitialHeapSize                          = 201326592                                 {product} {ergonomic}
   size_t MarkStackSize                            = 4194304                                   {product} {ergonomic}
   size_t MaxHeapSize                              = 2147483648                                {product} {command line}
   size_t MaxNewSize                               = 1287651328                                {product} {ergonomic}
   size_t MinHeapDeltaBytes                        = 1048576                                   {product} {ergonomic}
   size_t MinHeapSize                              = 8388608                                   {product} {ergonomic}
    uintx NonNMethodCodeHeapSize                   = 5832780                                {pd product} {ergonomic}
    uintx NonProfiledCodeHeapSize                  = 122912730                              {pd product} {ergonomic}
    uintx ProfiledCodeHeapSize                     = 122912730                              {pd product} {ergonomic}
    uintx ReservedCodeCacheSize                    = 251658240                              {pd product} {ergonomic}
     bool SegmentedCodeCache                       = true                                      {product} {ergonomic}
   size_t SoftMaxHeapSize                          = 2147483648                             {manageable} {ergonomic}
     bool UseCompressedOops                        = true                           {product lp64_product} {ergonomic}
     bool UseG1GC                                  = true                                      {product} {ergonomic}
     bool UseLargePagesIndividualAllocation        = false                                  {pd product} {ergonomic}

Logging:
Log output configuration:
 #0: stdout all=warning uptime,level,tags foldmultilines=false
 #1: stderr all=off uptime,level,tags foldmultilines=false

Environment Variables:
JAVA_HOME=C:\Program Files\Java
PATH=C:\Program Files\Common Files\Oracle\Java\javapath;C:\Program Files (x86)\Razer Chroma SDK\bin;C:\Program Files\Razer Chroma SDK\bin;C:\Program Files (x86)\Razer\ChromaBroadcast\bin;C:\Program Files\Razer\ChromaBroadcast\bin;C:\Windows\system32;C:\Windows;C:\Windows\System32\Wbem;C:\Windows\System32\WindowsPowerShell\v1.0\;C:\Windows\System32\OpenSSH\;C:\Program Files (x86)\NVIDIA Corporation\PhysX\Common;C:\Program Files\NVIDIA Corporation\NVIDIA NvDLISR;C:\Windows\system32\config\systemprofile\AppData\Local\Microsoft\WindowsApps;C:\Program Files\Java\bin;C:\Program Files\nodejs\;C:\ProgramData\chocolatey\bin;C:\Program Files\Git\cmd;C:\Program Files (x86)\Yarn\bin\;C:\Program Files\dotnet\;C:\Program Files\MySQL\MySQL Shell 8.0\bin\;C:\Users\APRO\AppData\Local\Programs\Python\Launcher\;C:\Users\APRO\AppData\Local\Microsoft\WindowsApps;C:\Users\APRO\AppData\Local\afreeca;C:\Users\APRO\AppData\Local\Programs\Microsoft VS Code\bin;C:\Users\APRO\AppData\Local\GitHubDesktop\bin;C:\Users\APRO\AppData\Roaming\npm;C:\Users\APRO\AppData\Local\Yarn\bin
USERNAME=APRO
OS=Windows_NT
PROCESSOR_IDENTIFIER=Intel64 Family 6 Model 158 Stepping 10, GenuineIntel
TMP=C:\Users\APRO\AppData\Local\Temp
TEMP=C:\Users\APRO\AppData\Local\Temp




Periodic native trim disabled

JNI global refs:
JNI global refs: 26, weak refs: 0

JNI global refs memory usage: 835, weak refs: 833

Process memory usage:
Resident Set Size: 302416K (2% of 12524184K total physical memory with 485884K free physical memory)

OOME stack traces (most recent first):
Classloader memory used:
